05-Apr-2022 12:13:43 INFO - Neither @ContextConfiguration nor @ContextHierarchy found for test class [com.infy.infyinterns.InfyInternsApplicationTests], using SpringBootContextLoader
05-Apr-2022 12:13:43 INFO - Could not detect default resource locations for test class [com.infy.infyinterns.InfyInternsApplicationTests]: no resource found for suffixes {-context.xml, Context.groovy}.
05-Apr-2022 12:13:43 INFO - Could not detect default configuration classes for test class [com.infy.infyinterns.InfyInternsApplicationTests]: InfyInternsApplicationTests does not declare any static, non-private, non-final, nested classes annotated with @Configuration.
05-Apr-2022 12:13:43 INFO - Found @SpringBootConfiguration com.infy.infyinterns.InfyInternsApplication for test class com.infy.infyinterns.InfyInternsApplicationTests
05-Apr-2022 12:13:44 INFO - Loaded default TestExecutionListener class names from location [META-INF/spring.factories]: [org.springframework.boot.test.mock.mockito.MockitoTestExecutionListener, org.springframework.boot.test.mock.mockito.ResetMocksTestExecutionListener, org.springframework.boot.test.autoconfigure.restdocs.RestDocsTestExecutionListener, org.springframework.boot.test.autoconfigure.web.client.MockRestServiceServerResetTestExecutionListener, org.springframework.boot.test.autoconfigure.web.servlet.MockMvcPrintOnlyOnFailureTestExecutionListener, org.springframework.boot.test.autoconfigure.web.servlet.WebDriverTestExecutionListener, org.springframework.boot.test.autoconfigure.webservices.client.MockWebServiceServerTestExecutionListener, org.springframework.test.context.web.ServletTestExecutionListener, org.springframework.test.context.support.DirtiesContextBeforeModesTestExecutionListener, org.springframework.test.context.event.ApplicationEventsTestExecutionListener, org.springframework.test.context.support.DependencyInjectionTestExecutionListener, org.springframework.test.context.support.DirtiesContextTestExecutionListener, org.springframework.test.context.transaction.TransactionalTestExecutionListener, org.springframework.test.context.jdbc.SqlScriptsTestExecutionListener, org.springframework.test.context.event.EventPublishingTestExecutionListener]
05-Apr-2022 12:13:44 INFO - Using TestExecutionListeners: [org.springframework.test.context.web.ServletTestExecutionListener@2aa27288, org.springframework.test.context.support.DirtiesContextBeforeModesTestExecutionListener@7f34a967, org.springframework.test.context.event.ApplicationEventsTestExecutionListener@77e80a5e, org.springframework.boot.test.mock.mockito.MockitoTestExecutionListener@1d8e2eea, org.springframework.boot.test.autoconfigure.SpringBootDependencyInjectionTestExecutionListener@240139e1, org.springframework.test.context.support.DirtiesContextTestExecutionListener@7ea4d397, org.springframework.test.context.transaction.TransactionalTestExecutionListener@49298ce7, org.springframework.test.context.jdbc.SqlScriptsTestExecutionListener@253c1256, org.springframework.test.context.event.EventPublishingTestExecutionListener@8dfe921, org.springframework.boot.test.mock.mockito.ResetMocksTestExecutionListener@503fbbc6, org.springframework.boot.test.autoconfigure.restdocs.RestDocsTestExecutionListener@55f45b92, org.springframework.boot.test.autoconfigure.web.client.MockRestServiceServerResetTestExecutionListener@109f5dd8, org.springframework.boot.test.autoconfigure.web.servlet.MockMvcPrintOnlyOnFailureTestExecutionListener@67fe380b, org.springframework.boot.test.autoconfigure.web.servlet.WebDriverTestExecutionListener@4a325eb9, org.springframework.boot.test.autoconfigure.webservices.client.MockWebServiceServerTestExecutionListener@3dedb4a6]
05-Apr-2022 12:13:44 INFO - HV000001: Hibernate Validator 6.2.0.Final
05-Apr-2022 12:13:47 INFO - Bootstrapping Spring Data JPA repositories in DEFAULT mode.
05-Apr-2022 12:13:47 INFO - Finished Spring Data repository scanning in 98 ms. Found 2 JPA repository interfaces.
05-Apr-2022 12:13:49 INFO - HikariPool-1 - Starting...
05-Apr-2022 12:13:50 INFO - HikariPool-1 - Start completed.
05-Apr-2022 12:13:50 INFO - HHH000204: Processing PersistenceUnitInfo [name: default]
05-Apr-2022 12:13:50 INFO - HHH000412: Hibernate ORM core version 5.6.3.Final
05-Apr-2022 12:13:51 INFO - HCANN000001: Hibernate Commons Annotations {5.1.2.Final}
05-Apr-2022 12:13:52 INFO - HHH000400: Using dialect: org.hibernate.dialect.MySQL8Dialect
05-Apr-2022 12:13:53 INFO - HHH000490: Using JtaPlatform implementation: [org.hibernate.engine.transaction.jta.platform.internal.NoJtaPlatform]
05-Apr-2022 12:13:53 INFO - Initialized JPA EntityManagerFactory for persistence unit 'default'
05-Apr-2022 12:13:55 WARN - spring.jpa.open-in-view is enabled by default. Therefore, database queries may be performed during view rendering. Explicitly configure spring.jpa.open-in-view to disable this warning
05-Apr-2022 12:13:59 INFO - Closing JPA EntityManagerFactory for persistence unit 'default'
05-Apr-2022 12:13:59 INFO - HikariPool-1 - Shutdown initiated...
05-Apr-2022 12:13:59 INFO - HikariPool-1 - Shutdown completed.
05-Apr-2022 18:29:30 INFO - Neither @ContextConfiguration nor @ContextHierarchy found for test class [com.infy.infyinterns.InfyInternsApplicationTests], using SpringBootContextLoader
05-Apr-2022 18:29:30 INFO - Could not detect default resource locations for test class [com.infy.infyinterns.InfyInternsApplicationTests]: no resource found for suffixes {-context.xml, Context.groovy}.
05-Apr-2022 18:29:30 INFO - Could not detect default configuration classes for test class [com.infy.infyinterns.InfyInternsApplicationTests]: InfyInternsApplicationTests does not declare any static, non-private, non-final, nested classes annotated with @Configuration.
05-Apr-2022 18:29:30 INFO - Found @SpringBootConfiguration com.infy.infyinterns.InfyInternsApplication for test class com.infy.infyinterns.InfyInternsApplicationTests
05-Apr-2022 18:29:30 INFO - Loaded default TestExecutionListener class names from location [META-INF/spring.factories]: [org.springframework.boot.test.mock.mockito.MockitoTestExecutionListener, org.springframework.boot.test.mock.mockito.ResetMocksTestExecutionListener, org.springframework.boot.test.autoconfigure.restdocs.RestDocsTestExecutionListener, org.springframework.boot.test.autoconfigure.web.client.MockRestServiceServerResetTestExecutionListener, org.springframework.boot.test.autoconfigure.web.servlet.MockMvcPrintOnlyOnFailureTestExecutionListener, org.springframework.boot.test.autoconfigure.web.servlet.WebDriverTestExecutionListener, org.springframework.boot.test.autoconfigure.webservices.client.MockWebServiceServerTestExecutionListener, org.springframework.test.context.web.ServletTestExecutionListener, org.springframework.test.context.support.DirtiesContextBeforeModesTestExecutionListener, org.springframework.test.context.event.ApplicationEventsTestExecutionListener, org.springframework.test.context.support.DependencyInjectionTestExecutionListener, org.springframework.test.context.support.DirtiesContextTestExecutionListener, org.springframework.test.context.transaction.TransactionalTestExecutionListener, org.springframework.test.context.jdbc.SqlScriptsTestExecutionListener, org.springframework.test.context.event.EventPublishingTestExecutionListener]
05-Apr-2022 18:29:30 INFO - Using TestExecutionListeners: [org.springframework.test.context.web.ServletTestExecutionListener@55b5e331, org.springframework.test.context.support.DirtiesContextBeforeModesTestExecutionListener@6034e75d, org.springframework.test.context.event.ApplicationEventsTestExecutionListener@15fc442, org.springframework.boot.test.mock.mockito.MockitoTestExecutionListener@3f3c7bdb, org.springframework.boot.test.autoconfigure.SpringBootDependencyInjectionTestExecutionListener@456abb66, org.springframework.test.context.support.DirtiesContextTestExecutionListener@2a3a299, org.springframework.test.context.transaction.TransactionalTestExecutionListener@7da10b5b, org.springframework.test.context.jdbc.SqlScriptsTestExecutionListener@219f4597, org.springframework.test.context.event.EventPublishingTestExecutionListener@31be6b49, org.springframework.boot.test.mock.mockito.ResetMocksTestExecutionListener@2e16b08d, org.springframework.boot.test.autoconfigure.restdocs.RestDocsTestExecutionListener@5b989dc7, org.springframework.boot.test.autoconfigure.web.client.MockRestServiceServerResetTestExecutionListener@70d8de, org.springframework.boot.test.autoconfigure.web.servlet.MockMvcPrintOnlyOnFailureTestExecutionListener@42561fba, org.springframework.boot.test.autoconfigure.web.servlet.WebDriverTestExecutionListener@595f4da5, org.springframework.boot.test.autoconfigure.webservices.client.MockWebServiceServerTestExecutionListener@46b695ec]
05-Apr-2022 18:29:31 INFO - HV000001: Hibernate Validator 6.2.0.Final
05-Apr-2022 18:29:35 INFO - Bootstrapping Spring Data JPA repositories in DEFAULT mode.
05-Apr-2022 18:29:35 INFO - Finished Spring Data repository scanning in 103 ms. Found 2 JPA repository interfaces.
05-Apr-2022 18:29:36 INFO - HikariPool-1 - Starting...
05-Apr-2022 18:29:37 INFO - HikariPool-1 - Start completed.
05-Apr-2022 18:29:37 INFO - HHH000204: Processing PersistenceUnitInfo [name: default]
05-Apr-2022 18:29:37 INFO - HHH000412: Hibernate ORM core version 5.6.3.Final
05-Apr-2022 18:29:37 INFO - HCANN000001: Hibernate Commons Annotations {5.1.2.Final}
05-Apr-2022 18:29:38 INFO - HHH000400: Using dialect: org.hibernate.dialect.MySQL8Dialect
05-Apr-2022 18:29:39 INFO - HHH000490: Using JtaPlatform implementation: [org.hibernate.engine.transaction.jta.platform.internal.NoJtaPlatform]
05-Apr-2022 18:29:39 INFO - Initialized JPA EntityManagerFactory for persistence unit 'default'
05-Apr-2022 18:29:41 WARN - spring.jpa.open-in-view is enabled by default. Therefore, database queries may be performed during view rendering. Explicitly configure spring.jpa.open-in-view to disable this warning
05-Apr-2022 18:29:43 INFO - Closing JPA EntityManagerFactory for persistence unit 'default'
05-Apr-2022 18:29:43 INFO - HikariPool-1 - Shutdown initiated...
05-Apr-2022 18:29:43 INFO - HikariPool-1 - Shutdown completed.
05-Apr-2022 18:32:19 INFO - Neither @ContextConfiguration nor @ContextHierarchy found for test class [com.infy.infyinterns.InfyInternsApplicationTests], using SpringBootContextLoader
05-Apr-2022 18:32:19 INFO - Could not detect default resource locations for test class [com.infy.infyinterns.InfyInternsApplicationTests]: no resource found for suffixes {-context.xml, Context.groovy}.
05-Apr-2022 18:32:19 INFO - Could not detect default configuration classes for test class [com.infy.infyinterns.InfyInternsApplicationTests]: InfyInternsApplicationTests does not declare any static, non-private, non-final, nested classes annotated with @Configuration.
05-Apr-2022 18:32:20 INFO - Found @SpringBootConfiguration com.infy.infyinterns.InfyInternsApplication for test class com.infy.infyinterns.InfyInternsApplicationTests
05-Apr-2022 18:32:20 INFO - Loaded default TestExecutionListener class names from location [META-INF/spring.factories]: [org.springframework.boot.test.mock.mockito.MockitoTestExecutionListener, org.springframework.boot.test.mock.mockito.ResetMocksTestExecutionListener, org.springframework.boot.test.autoconfigure.restdocs.RestDocsTestExecutionListener, org.springframework.boot.test.autoconfigure.web.client.MockRestServiceServerResetTestExecutionListener, org.springframework.boot.test.autoconfigure.web.servlet.MockMvcPrintOnlyOnFailureTestExecutionListener, org.springframework.boot.test.autoconfigure.web.servlet.WebDriverTestExecutionListener, org.springframework.boot.test.autoconfigure.webservices.client.MockWebServiceServerTestExecutionListener, org.springframework.test.context.web.ServletTestExecutionListener, org.springframework.test.context.support.DirtiesContextBeforeModesTestExecutionListener, org.springframework.test.context.event.ApplicationEventsTestExecutionListener, org.springframework.test.context.support.DependencyInjectionTestExecutionListener, org.springframework.test.context.support.DirtiesContextTestExecutionListener, org.springframework.test.context.transaction.TransactionalTestExecutionListener, org.springframework.test.context.jdbc.SqlScriptsTestExecutionListener, org.springframework.test.context.event.EventPublishingTestExecutionListener]
05-Apr-2022 18:32:20 INFO - Using TestExecutionListeners: [org.springframework.test.context.web.ServletTestExecutionListener@43d455c9, org.springframework.test.context.support.DirtiesContextBeforeModesTestExecutionListener@4c9e9fb8, org.springframework.test.context.event.ApplicationEventsTestExecutionListener@9ec531, org.springframework.boot.test.mock.mockito.MockitoTestExecutionListener@40147317, org.springframework.boot.test.autoconfigure.SpringBootDependencyInjectionTestExecutionListener@210f0cc1, org.springframework.test.context.support.DirtiesContextTestExecutionListener@19542407, org.springframework.test.context.transaction.TransactionalTestExecutionListener@6f95cd51, org.springframework.test.context.jdbc.SqlScriptsTestExecutionListener@c7a977f, org.springframework.test.context.event.EventPublishingTestExecutionListener@55caeb35, org.springframework.boot.test.mock.mockito.ResetMocksTestExecutionListener@6d868997, org.springframework.boot.test.autoconfigure.restdocs.RestDocsTestExecutionListener@2c383e33, org.springframework.boot.test.autoconfigure.web.client.MockRestServiceServerResetTestExecutionListener@74a195a4, org.springframework.boot.test.autoconfigure.web.servlet.MockMvcPrintOnlyOnFailureTestExecutionListener@76304b46, org.springframework.boot.test.autoconfigure.web.servlet.WebDriverTestExecutionListener@2fa3be26, org.springframework.boot.test.autoconfigure.webservices.client.MockWebServiceServerTestExecutionListener@4287d447]
05-Apr-2022 18:32:21 INFO - HV000001: Hibernate Validator 6.2.0.Final
05-Apr-2022 18:32:23 INFO - Bootstrapping Spring Data JPA repositories in DEFAULT mode.
05-Apr-2022 18:32:23 INFO - Finished Spring Data repository scanning in 84 ms. Found 2 JPA repository interfaces.
05-Apr-2022 18:32:24 INFO - HikariPool-1 - Starting...
05-Apr-2022 18:32:25 INFO - HikariPool-1 - Start completed.
05-Apr-2022 18:32:25 INFO - HHH000204: Processing PersistenceUnitInfo [name: default]
05-Apr-2022 18:32:25 INFO - HHH000412: Hibernate ORM core version 5.6.3.Final
05-Apr-2022 18:32:25 INFO - HCANN000001: Hibernate Commons Annotations {5.1.2.Final}
05-Apr-2022 18:32:26 INFO - HHH000400: Using dialect: org.hibernate.dialect.MySQL8Dialect
05-Apr-2022 18:32:27 INFO - HHH000490: Using JtaPlatform implementation: [org.hibernate.engine.transaction.jta.platform.internal.NoJtaPlatform]
05-Apr-2022 18:32:27 INFO - Initialized JPA EntityManagerFactory for persistence unit 'default'
05-Apr-2022 18:32:29 WARN - spring.jpa.open-in-view is enabled by default. Therefore, database queries may be performed during view rendering. Explicitly configure spring.jpa.open-in-view to disable this warning
05-Apr-2022 18:32:32 INFO - Closing JPA EntityManagerFactory for persistence unit 'default'
05-Apr-2022 18:32:32 INFO - HikariPool-1 - Shutdown initiated...
05-Apr-2022 18:32:32 INFO - HikariPool-1 - Shutdown completed.
